<?xml version="1.0" encoding="UTF-8"?>
<!-- Generated by org.testng.reporters.JUnitReportReporter -->
<testsuite hostname="sko-automation-testing" failures="0" tests="1" name="com.seo.regression.testing.RegressionTesting" time="13.409" errors="0" timestamp="2023-09-01T10:51:58 UTC" skipped="0">
  <testcase classname="com.seo.regression.testing.RegressionTesting" name="startTest" time="13.409"/>
</testsuite> <!-- com.seo.regression.testing.RegressionTesting -->
