<?xml version="1.0" encoding="UTF-8"?>
<!-- Generated by org.testng.reporters.JUnitReportReporter -->
<testsuite hostname="sko-automation-testing" failures="0" tests="1" name="com.seo.regression.testing.RegressionTesting" time="15.394" errors="0" timestamp="2023-09-06T10:29:45 UTC" skipped="0">
  <testcase classname="com.seo.regression.testing.RegressionTesting" name="startTest" time="15.394"/>
</testsuite> <!-- com.seo.regression.testing.RegressionTesting -->
