<?xml version="1.0" encoding="UTF-8"?>
<!-- Generated by org.testng.reporters.JUnitReportReporter -->
<testsuite hostname="sko-automation-testing" failures="0" tests="1" name="com.seo.regression.testing.RegressionTesting" time="140.966" errors="0" timestamp="2023-08-17T11:20:43 UTC" skipped="0">
  <testcase classname="com.seo.regression.testing.RegressionTesting" name="startTest" time="140.966"/>
  <system-out/>
</testsuite> <!-- com.seo.regression.testing.RegressionTesting -->
